<?xml version="1.0" encoding="UTF-8"?>
<testng-results skipped="0" failed="0" ignored="1" total="2" passed="1">
  <reporter-output>
  </reporter-output>
  <suite name="Default suite" duration-ms="95" started-at="2018-09-13T12:04:57Z" finished-at="2018-09-13T12:04:57Z">
    <groups>
    </groups>
    <test name="Default test" duration-ms="95" started-at="2018-09-13T12:04:57Z" finished-at="2018-09-13T12:04:57Z">
      <class name="NewTest">
        <test-method status="PASS" signature="f1()[pri:0, instance:NewTest@1ba11bc]" name="f1" duration-ms="27" started-at="2018-09-13T20:04:57Z" finished-at="2018-09-13T20:04:57Z">
          <reporter-output>
          </reporter-output>
        </test-method> <!-- f1 -->
      </class> <!-- NewTest -->
    </test> <!-- Default test -->
  </suite> <!-- Default suite -->
</testng-results>
